# JRE version: OpenJDK Runtime Environment Temurin-21+35-202309042128 (21.0+35) (build 21-beta+35-ea)
# Java VM: OpenJDK 64-Bit Server VM Temurin-21+35-202309042128 (21-beta+35-ea, mixed mode, emulated-client, sharing, tiered, compressed oops, compressed class ptrs, g1 gc, bsd-amd64)
GC Precious Log:
 CardTable entry size: 512
 Card Set container configuration: InlinePtr #cards 5 size 8 Array Of Cards #cards 12 size 40 Howl #buckets 4 coarsen threshold 1843 Howl Bitmap #cards 512 size 80 coarsen threshold 460 Card regions per heap region 1 cards per card region 2048
 CPUs: 8 total, 8 available
 Memory: 8192M
 Large Page Support: Disabled
 NUMA Support: Disabled
 Compressed Oops: Enabled (Zero based)
 Heap Region Size: 1M
 Heap Min Capacity: 8M
 Heap Initial Capacity: 128M
 Heap Max Capacity: 2G
 Pre-touch: Disabled
 Parallel Workers: 8
 Concurrent Workers: 2
 Concurrent Refinement Workers: 8
 Periodic GC: Disabled
Heap:
 garbage-first heap   total 70656K, used 57857K [0x0000000780000000, 0x0000000800000000)
  region size 1024K, 34 young (34816K), 1 survivors (1024K)
 Metaspace       used 49370K, committed 49920K, reserved 1114112K
  class space    used 6501K, committed 6720K, reserved 1048576K
GC Heap History (20 events):
Event: 112.380 GC heap after
{Heap after GC invocations=18 (full 1):
 garbage-first heap   total 70656K, used 24020K [0x0000000780000000, 0x0000000800000000)
  region size 1024K, 5 young (5120K), 5 survivors (5120K)
 Metaspace       used 48676K, committed 49344K, reserved 1114112K
  class space    used 6397K, committed 6720K, reserved 1048576K
}
Event: 192.120 GC heap before
{Heap before GC invocations=18 (full 1):
 garbage-first heap   total 70656K, used 41428K [0x0000000780000000, 0x0000000800000000)
  region size 1024K, 24 young (24576K), 5 survivors (5120K)
 Metaspace       used 48715K, committed 49408K, reserved 1114112K
  class space    used 6407K, committed 6720K, reserved 1048576K
}
Event: 192.229 GC heap after
{Heap after GC invocations=19 (full 2):
 garbage-first heap   total 70656K, used 18998K [0x0000000780000000, 0x0000000800000000)
  region size 1024K, 0 young (0K), 0 survivors (0K)
 Metaspace       used 48381K, committed 49408K, reserved 1114112K
  class space    used 6319K, committed 6720K, reserved 1048576K
}
Event: 193.413 GC heap before
{Heap before GC invocations=19 (full 2):
 garbage-first heap   total 70656K, used 57910K [0x0000000780000000, 0x0000000800000000)
  region size 1024K, 39 young (39936K), 0 survivors (0K)
 Metaspace       used 48480K, committed 49408K, reserved 1114112K
  class space    used 6334K, committed 6720K, reserved 1048576K
}
Event: 193.416 GC heap after
{Heap after GC invocations=20 (full 2):
 garbage-first heap   total 70656K, used 23441K [0x0000000780000000, 0x0000000800000000)
  region size 1024K, 5 young (5120K), 5 survivors (5120K)
 Metaspace       used 48480K, committed 49408K, reserved 1114112K
  class space    used 6334K, committed 6720K, reserved 1048576K
}
Event: 335.108 GC heap before
{Heap before GC invocations=20 (full 2):
 garbage-first heap   total 70656K, used 42897K [0x0000000780000000, 0x0000000800000000)
  region size 1024K, 26 young (26624K), 5 survivors (5120K)
 Metaspace       used 48530K, committed 49408K, reserved 1114112K
  class space    used 6344K, committed 6720K, reserved 1048576K
}
Event: 335.236 GC heap after
{Heap after GC invocations=21 (full 3):
 garbage-first heap   total 70656K, used 19022K [0x0000000780000000, 0x0000000800000000)
  region size 1024K, 0 young (0K), 0 survivors (0K)
 Metaspace       used 48527K, committed 49408K, reserved 1114112K
  class space    used 6344K, committed 6720K, reserved 1048576K
}
Event: 336.203 GC heap before
{Heap before GC invocations=21 (full 3):
 garbage-first heap   total 70656K, used 57934K [0x0000000780000000, 0x0000000800000000)
  region size 1024K, 39 young (39936K), 0 survivors (0K)
 Metaspace       used 48619K, committed 49408K, reserved 1114112K
  class space    used 6358K, committed 6720K, reserved 1048576K
}
Event: 336.207 GC heap after
{Heap after GC invocations=22 (full 3):
 garbage-first heap   total 70656K, used 23371K [0x0000000780000000, 0x0000000800000000)
  region size 1024K, 5 young (5120K), 5 survivors (5120K)
 Metaspace       used 48619K, committed 49408K, reserved 1114112K
  class space    used 6358K, committed 6720K, reserved 1048576K
}
Event: 349.239 GC heap before
{Heap before GC invocations=22 (full 3):
 garbage-first heap   total 70656K, used 58187K [0x0000000780000000, 0x0000000800000000)
  region size 1024K, 39 young (39936K), 5 survivors (5120K)
 Metaspace       used 49048K, committed 49664K, reserved 1114112K
  class space    used 6440K, committed 6720K, reserved 1048576K
}
Event: 349.244 GC heap after
{Heap after GC invocations=23 (full 3):
 garbage-first heap   total 70656K, used 24651K [0x0000000780000000, 0x0000000800000000)
  region size 1024K, 3 young (3072K), 3 survivors (3072K)
 Metaspace       used 49048K, committed 49664K, reserved 1114112K
  class space    used 6440K, committed 6720K, reserved 1048576K
}
Event: 394.689 GC heap before
{Heap before GC invocations=23 (full 3):
 garbage-first heap   total 70656K, used 57419K [0x0000000780000000, 0x0000000800000000)
  region size 1024K, 37 young (37888K), 3 survivors (3072K)
 Metaspace       used 49136K, committed 49728K, reserved 1114112K
  class space    used 6459K, committed 6720K, reserved 1048576K
}
Event: 394.805 GC heap after
{Heap after GC invocations=24 (full 4):
 garbage-first heap   total 70656K, used 19367K [0x0000000780000000, 0x0000000800000000)
  region size 1024K, 0 young (0K), 0 survivors (0K)
 Metaspace       used 49130K, committed 49728K, reserved 1114112K
  class space    used 6458K, committed 6720K, reserved 1048576K
}
Event: 395.732 GC heap before
{Heap before GC invocations=24 (full 4):
 garbage-first heap   total 70656K, used 58279K [0x0000000780000000, 0x0000000800000000)
  region size 1024K, 39 young (39936K), 0 survivors (0K)
 Metaspace       used 49224K, committed 49792K, reserved 1114112K
  class space    used 6475K, committed 6720K, reserved 1048576K
}
Event: 395.737 GC heap after
{Heap after GC invocations=25 (full 4):
 garbage-first heap   total 70656K, used 23596K [0x0000000780000000, 0x0000000800000000)
  region size 1024K, 5 young (5120K), 5 survivors (5120K)
 Metaspace       used 49224K, committed 49792K, reserved 1114112K
  class space    used 6475K, committed 6720K, reserved 1048576K
}
Event: 435.916 GC heap before
{Heap before GC invocations=25 (full 4):
 garbage-first heap   total 70656K, used 43052K [0x0000000780000000, 0x0000000800000000)
  region size 1024K, 25 young (25600K), 5 survivors (5120K)
 Metaspace       used 49278K, committed 49856K, reserved 1114112K
  class space    used 6487K, committed 6720K, reserved 1048576K
}
Event: 436.014 GC heap after
{Heap after GC invocations=26 (full 5):
 garbage-first heap   total 70656K, used 19324K [0x0000000780000000, 0x0000000800000000)
  region size 1024K, 0 young (0K), 0 survivors (0K)
 Metaspace       used 49228K, committed 49856K, reserved 1114112K
  class space    used 6474K, committed 6720K, reserved 1048576K
}
Event: 437.149 GC heap before
{Heap before GC invocations=26 (full 5):
 garbage-first heap   total 70656K, used 57212K [0x0000000780000000, 0x0000000800000000)
  region size 1024K, 38 young (38912K), 0 survivors (0K)
 Metaspace       used 49327K, committed 49920K, reserved 1114112K
  class space    used 6493K, committed 6720K, reserved 1048576K
}
Event: 437.156 GC heap after
{Heap after GC invocations=27 (full 5):
 garbage-first heap   total 70656K, used 24065K [0x0000000780000000, 0x0000000800000000)
  region size 1024K, 5 young (5120K), 5 survivors (5120K)
 Metaspace       used 49327K, committed 49920K, reserved 1114112K
  class space    used 6493K, committed 6720K, reserved 1048576K
}
Event: 1346.764 GC heap before
{Heap before GC invocations=27 (full 5):
 garbage-first heap   total 70656K, used 56833K [0x0000000780000000, 0x0000000800000000)
  region size 1024K, 38 young (38912K), 5 survivors (5120K)
 Metaspace       used 49370K, committed 49920K, reserved 1114112K
  class space    used 6501K, committed 6720K, reserved 1048576K
}

